
================================================================================
                    SPLUNK ADVANCED COURSE - FULL VALIDATION                    
================================================================================

This script will:
  1. Start Splunk Enterprise in Docker
  2. Generate sample data (~450,000 events)
  3. Load data into Splunk (6 indexes)
  4. Run comprehensive test suite (72+ tests)
  5. Retry until 100% pass rate or max attempts

Max Attempts: 3
Splunk Password: password

Starting automated validation...

Cleaning up existing Splunk container...

================================================================================
                             VALIDATION ATTEMPT 1/3                             
================================================================================


[Step 1/5] Starting Splunk Enterprise
--------------------------------------------------------------------------------
✓ Splunk started successfully

[Step 2/5] Generating Sample Data
--------------------------------------------------------------------------------
ℹ Sample data already exists, skipping generation

[Step 3/5] Loading Data into Splunk
--------------------------------------------------------------------------------
Waiting for Splunk to initialize...
✗ Failed to load data
Error: Traceback (most recent call last):
  File "/opt/homebrew/lib/python3.13/site-packages/urllib3/connectionpool.py", line 464, in _make_request
    self._validate_conn(conn)
    ~~~~~~~~~~~~~~~~~~~^^^^^^

Retrying in 10 seconds...
Cleaning up existing Splunk container...

================================================================================
                             VALIDATION ATTEMPT 2/3                             
================================================================================


[Step 1/5] Starting Splunk Enterprise
--------------------------------------------------------------------------------
✓ Splunk started successfully

[Step 2/5] Generating Sample Data
--------------------------------------------------------------------------------
ℹ Sample data already exists, skipping generation

[Step 3/5] Loading Data into Splunk
--------------------------------------------------------------------------------
Waiting for Splunk to initialize...
✓ Data loaded successfully

Waiting for data to be indexed (30 seconds)...

[Step 4/5] Running Comprehensive Test Suite
--------------------------------------------------------------------------------

⚠ Pass rate: 61.8%

Retrying in 10 seconds...
Cleaning up existing Splunk container...

================================================================================
                             VALIDATION ATTEMPT 3/3                             
================================================================================


[Step 1/5] Starting Splunk Enterprise
--------------------------------------------------------------------------------
✓ Splunk started successfully

[Step 2/5] Generating Sample Data
--------------------------------------------------------------------------------
ℹ Sample data already exists, skipping generation

[Step 3/5] Loading Data into Splunk
--------------------------------------------------------------------------------
Waiting for Splunk to initialize...
✓ Data loaded successfully

Waiting for data to be indexed (30 seconds)...

[Step 4/5] Running Comprehensive Test Suite
--------------------------------------------------------------------------------

⚠ Pass rate: 61.8%

[Step 5/5] Generating Final Report
--------------------------------------------------------------------------------

================================================================================
                               VALIDATION SUMMARY                               
================================================================================

✗ VALIDATION FAILED AFTER 3 ATTEMPTS

Detailed report saved to: validation_report_20251117_143820.json

================================================================================
                              VALIDATION COMPLETE                               
================================================================================

✗ Validation incomplete. Review the report for details.
